<?xml version="1.0" encoding="UTF-8"?>
<!-- Generated by org.testng.reporters.JUnitXMLReporter -->
<testsuite ignored="0" hostname="Saran" failures="2" tests="5" name="Test" time="446.636" errors="0" timestamp="2026-05-12T16:26:34 AEST">
  <testcase classname="com.qa.orangeendtoend.testcases.AddcandidateTest" name="ClickModuleandDetails" time="99.042"/>
  <testcase classname="com.qa.orangeendtoend.testcases.PIMTest" name="ClickModuleandDetails" time="7.651">
    <failure type="com.qa.orangeendtoend.FrameWorkExceptions.ElementException" message="[doClick] the specifies locatorBy.xpath: //button[@type=&amp;apos;submit&amp;apos;]is not matching to any locator">
      <![CDATA[com.qa.orangeendtoend.FrameWorkExceptions.ElementException: [doClick] the specifies locatorBy.xpath: //button[@type='submit']is not matching to any locator
at com.qa.orangeendtoend.utilities.ElementActions.doClick(ElementActions.java:23)
at com.qa.orangeendtoendpages.PIMPage.createemp(PIMPage.java:23)
at com.qa.orangeendtoend.testcases.PIMTest.ClickModuleandDetails(PIMTest.java:24)
at java.base/java.util.ArrayList.forEach(ArrayList.java:1596)
... Removed 25 stack frames]]>
    </failure>
  </testcase> <!-- ClickModuleandDetails -->
  <testcase classname="com.qa.orangeendtoend.testcases.LoginTest" name="doLogin" time="8.745"/>
  <testcase classname="com.qa.orangeendtoend.testcases.AddvaccanciesTest" name="ClickModuleandDetails" time="6.809"/>
  <testcase classname="com.qa.orangeendtoend.testcases.DashboardTest" name="ClickModule" time="20.895">
    <failure type="com.qa.orangeendtoend.FrameWorkExceptions.ElementException" message="[doClick] the specifies locatorBy.xpath: //span[normalize-space()=&amp;apos;Recruitment&amp;apos;]is not matching to any locator">
      <![CDATA[com.qa.orangeendtoend.FrameWorkExceptions.ElementException: [doClick] the specifies locatorBy.xpath: //span[normalize-space()='Recruitment']is not matching to any locator
at com.qa.orangeendtoend.utilities.ElementActions.doClick(ElementActions.java:23)
at com.qa.orangeendtoendpages.Dashboard.selectModule(Dashboard.java:22)
at com.qa.orangeendtoend.testcases.DashboardTest.ClickModule(DashboardTest.java:16)
at java.base/java.util.ArrayList.forEach(ArrayList.java:1596)
... Removed 25 stack frames]]>
    </failure>
  </testcase> <!-- ClickModule -->
</testsuite> <!-- Test -->
