<?xml version="1.0" encoding="UTF-8"?>
<testsuite xmlns:xsi="http://www.w3.org/2001/XMLSchema-instance" xsi:noNamespaceSchemaLocation="https://maven.apache.org/surefire/maven-surefire-plugin/xsd/surefire-test-report-3.0.xsd" version="3.0" name="TestSuite" time="162.078" tests="10" errors="0" skipped="0" failures="0">
  <properties>
[...]
</properties>
  <testcase name="ClickModuleandDetails" classname="com.qa.orangeendtoend.testcases.AddcandidateTest" time="15.39">
    <system-out><![CDATA[i have started the suite executionedge
i have started the suite executionchrome
Running chrome incognitomode
Running chrome incognitomode
i have started with testcase executionClickModuleandDetails
]]></system-out>
    <system-err><![CDATA[SLF4J(W): No SLF4J providers were found.
SLF4J(W): Defaulting to no-operation (NOP) logger implementation
SLF4J(W): See https://www.slf4j.org/codes.html#noProviders for further details.
]]></system-err>
  </testcase>
  <testcase name="ClickModuleandDetails" classname="com.qa.orangeendtoend.testcases.AddcandidateTest" time="18.63">
    <system-out><![CDATA[i have started with testcase executionClickModuleandDetails
]]></system-out>
  </testcase>
  <testcase name="ClickModuleandDetails" classname="com.qa.orangeendtoend.testcases.PIMTest" time="3.086">
    <system-out><![CDATA[Running chrome incognitomode
Running chrome incognitomode
i have started with testcase executionClickModuleandDetails
]]></system-out>
  </testcase>
  <testcase name="ClickModuleandDetails" classname="com.qa.orangeendtoend.testcases.PIMTest" time="4.273">
    <system-out><![CDATA[i have started with testcase executionClickModuleandDetails
]]></system-out>
  </testcase>
  <testcase name="doLogin" classname="com.qa.orangeendtoend.testcases.LoginTest" time="2.002">
    <system-out><![CDATA[Running chrome incognitomode
Running chrome incognitomode
i have started with testcase executiondoLogin
]]></system-out>
  </testcase>
  <testcase name="doLogin" classname="com.qa.orangeendtoend.testcases.LoginTest" time="4.782">
    <system-out><![CDATA[i have started with testcase executiondoLogin
]]></system-out>
  </testcase>
  <testcase name="ClickModuleandDetails" classname="com.qa.orangeendtoend.testcases.AddvaccanciesTest" time="1.328">
    <system-out><![CDATA[Running chrome incognitomode
Running chrome incognitomode
i have started with testcase executionClickModuleandDetails
]]></system-out>
  </testcase>
  <testcase name="ClickModuleandDetails" classname="com.qa.orangeendtoend.testcases.AddvaccanciesTest" time="3.184">
    <system-out><![CDATA[i have started with testcase executionClickModuleandDetails
]]></system-out>
  </testcase>
  <testcase name="ClickModule" classname="com.qa.orangeendtoend.testcases.DashboardTest" time="3.03">
    <system-out><![CDATA[Running chrome incognitomode
Running chrome incognitomode
i have started with testcase executionClickModule
]]></system-out>
  </testcase>
  <testcase name="ClickModule" classname="com.qa.orangeendtoend.testcases.DashboardTest" time="7.865">
    <system-out><![CDATA[i have finished the suite executionedge
i have started with testcase executionClickModule
]]></system-out>
  </testcase>
</testsuite>