<?xml version="1.0" encoding="UTF-8"?>
<testng-results ignored="0" total="10" passed="3" failed="2" skipped="5">
  <reporter-output>
    <line>
      <![CDATA[Running chrome inheadless mode]]>
    </line>
    <line>
      <![CDATA[Running chrome incognitomode]]>
    </line>
    <line>
      <![CDATA[Running chrome inheadless mode]]>
    </line>
    <line>
      <![CDATA[Running chrome incognitomode]]>
    </line>
    <line>
      <![CDATA[Running chrome inheadless mode]]>
    </line>
    <line>
      <![CDATA[Running chrome incognitomode]]>
    </line>
    <line>
      <![CDATA[Running chrome inheadless mode]]>
    </line>
    <line>
      <![CDATA[Running chrome incognitomode]]>
    </line>
    <line>
      <![CDATA[Running chrome inheadless mode]]>
    </line>
    <line>
      <![CDATA[Running chrome incognitomode]]>
    </line>
    <line>
      <![CDATA[Running chrome inheadless mode]]>
    </line>
    <line>
      <![CDATA[Running chrome incognitomode]]>
    </line>
    <line>
      <![CDATA[Running chrome inheadless mode]]>
    </line>
    <line>
      <![CDATA[Running chrome incognitomode]]>
    </line>
    <line>
      <![CDATA[Running chrome inheadless mode]]>
    </line>
    <line>
      <![CDATA[Running chrome incognitomode]]>
    </line>
    <line>
      <![CDATA[Running chrome inheadless mode]]>
    </line>
    <line>
      <![CDATA[Running chrome incognitomode]]>
    </line>
  </reporter-output>
  <suite started-at="2026-05-14T17:13:40 AEST" name="Automation_testing" finished-at="2026-05-14T17:17:57 AEST" duration-ms="256758">
    <groups>
    </groups>
    <test started-at="2026-05-14T17:13:41 AEST" name="edge" finished-at="2026-05-14T17:17:53 AEST" duration-ms="252845">
      <class name="com.qa.orangeendtoend.testcases.DashboardTest">
        <test-method is-config="true" signature="launchingBrowser(java.lang.String,java.lang.String,java.lang.String)[pri:0, instance:com.qa.orangeendtoend.testcases.DashboardTest@2ca923bb]" started-at="2026-05-14T17:16:48 AEST" name="launchingBrowser" finished-at="2026-05-14T17:17:22 AEST" duration-ms="33715" status="PASS">
          <params>
            <param index="0">
              <value>
                <![CDATA[browser]]>
              </value>
            </param>
            <param index="1">
              <value>
                <![CDATA[headless]]>
              </value>
            </param>
            <param index="2">
              <value>
                <![CDATA[incognito]]>
              </value>
            </param>
          </params>
          <reporter-output>
            <line>
              <![CDATA[Running chrome inheadless mode]]>
            </line>
            <line>
              <![CDATA[Running chrome incognitomode]]>
            </line>
          </reporter-output>
        </test-method> <!-- launchingBrowser -->
        <test-method is-config="true" signature="precondition()[pri:0, instance:com.qa.orangeendtoend.testcases.DashboardTest@2ca923bb]" started-at="2026-05-14T17:17:22 AEST" name="precondition" finished-at="2026-05-14T17:17:32 AEST" duration-ms="10624" status="PASS">
          <reporter-output>
          </reporter-output>
        </test-method> <!-- precondition -->
        <test-method signature="ClickModule()[pri:0, instance:com.qa.orangeendtoend.testcases.DashboardTest@2ca923bb]" started-at="2026-05-14T17:17:32 AEST" name="ClickModule" finished-at="2026-05-14T17:17:53 AEST" duration-ms="20622" status="FAIL">
          <exception class="com.qa.orangeendtoend.FrameWorkExceptions.ElementException">
            <message>
              <![CDATA[[doClick] the specifies locatorBy.xpath: //span[normalize-space()='Recruitment']is not matching to any locator]]>
            </message>
            <full-stacktrace>
              <![CDATA[com.qa.orangeendtoend.FrameWorkExceptions.ElementException: [doClick] the specifies locatorBy.xpath: //span[normalize-space()='Recruitment']is not matching to any locator
at com.qa.orangeendtoend.utilities.ElementActions.doClick(ElementActions.java:23)
at com.qa.orangeendtoendpages.Dashboard.selectModule(Dashboard.java:22)
at com.qa.orangeendtoend.testcases.DashboardTest.ClickModule(DashboardTest.java:16)
at java.base/jdk.internal.reflect.DirectMethodHandleAccessor.invoke(DirectMethodHandleAccessor.java:103)
at java.base/java.lang.reflect.Method.invoke(Method.java:580)
at org.testng.internal.invokers.MethodInvocationHelper.invokeMethod(MethodInvocationHelper.java:141)
at org.testng.internal.invokers.TestInvoker.invokeMethod(TestInvoker.java:687)
at org.testng.internal.invokers.TestInvoker.invokeTestMethod(TestInvoker.java:230)
at org.testng.internal.invokers.MethodRunner.runInSequence(MethodRunner.java:63)
at org.testng.internal.invokers.TestInvoker$MethodInvocationAgent.invoke(TestInvoker.java:995)
at org.testng.internal.invokers.TestInvoker.invokeTestMethods(TestInvoker.java:203)
at org.testng.internal.invokers.TestMethodWorker.invokeTestMethods(TestMethodWorker.java:154)
at org.testng.internal.invokers.TestMethodWorker.run(TestMethodWorker.java:134)
at java.base/java.util.ArrayList.forEach(ArrayList.java:1596)
at org.testng.TestRunner.privateRun(TestRunner.java:741)
at org.testng.TestRunner.run(TestRunner.java:616)
at org.testng.SuiteRunner.runTest(SuiteRunner.java:421)
at org.testng.SuiteRunner$SuiteWorker.run(SuiteRunner.java:463)
at org.testng.internal.thread.ThreadUtil.lambda$execute$0(ThreadUtil.java:64)
at java.base/java.util.concurrent.FutureTask.run(FutureTask.java:317)
at java.base/java.util.concurrent.ThreadPoolExecutor.runWorker(ThreadPoolExecutor.java:1144)
at java.base/java.util.concurrent.ThreadPoolExecutor$Worker.run(ThreadPoolExecutor.java:642)
at java.base/java.lang.Thread.run(Thread.java:1583)
]]>
            </full-stacktrace>
          </exception> <!-- com.qa.orangeendtoend.FrameWorkExceptions.ElementException -->
          <reporter-output>
          </reporter-output>
        </test-method> <!-- ClickModule -->
        <test-method is-config="true" signature="terminateBrowser()[pri:0, instance:com.qa.orangeendtoend.testcases.DashboardTest@2ca923bb]" started-at="2026-05-14T17:17:53 AEST" name="terminateBrowser" finished-at="2026-05-14T17:17:53 AEST" duration-ms="446" status="PASS">
          <reporter-output>
          </reporter-output>
        </test-method> <!-- terminateBrowser -->
      </class> <!-- com.qa.orangeendtoend.testcases.DashboardTest -->
      <class name="com.qa.orangeendtoend.testcases.AddcandidateTest">
        <test-method is-config="true" signature="launchingBrowser(java.lang.String,java.lang.String,java.lang.String)[pri:0, instance:com.qa.orangeendtoend.testcases.AddcandidateTest@1169afe1]" started-at="2026-05-14T17:13:41 AEST" name="launchingBrowser" finished-at="2026-05-14T17:14:26 AEST" duration-ms="45697" status="PASS">
          <params>
            <param index="0">
              <value>
                <![CDATA[browser]]>
              </value>
            </param>
            <param index="1">
              <value>
                <![CDATA[headless]]>
              </value>
            </param>
            <param index="2">
              <value>
                <![CDATA[incognito]]>
              </value>
            </param>
          </params>
          <reporter-output>
            <line>
              <![CDATA[Running chrome inheadless mode]]>
            </line>
            <line>
              <![CDATA[Running chrome incognitomode]]>
            </line>
          </reporter-output>
        </test-method> <!-- launchingBrowser -->
        <test-method is-config="true" signature="precondition()[pri:0, instance:com.qa.orangeendtoend.testcases.AddcandidateTest@1169afe1]" started-at="2026-05-14T17:14:26 AEST" name="precondition" finished-at="2026-05-14T17:14:26 AEST" duration-ms="2" status="FAIL">
          <exception class="com.qa.orangeendtoend.FrameWorkExceptions.ElementException">
            <message>
              <![CDATA[[validateString] the specified value cannot be null
nullused in methoddoEnterValue]]>
            </message>
            <full-stacktrace>
              <![CDATA[com.qa.orangeendtoend.FrameWorkExceptions.ElementException: [validateString] the specified value cannot be null
nullused in methoddoEnterValue
at com.qa.orangeendtoend.Validationhelper.Validation.validateString(Validation.java:28)
at com.qa.orangeendtoend.utilities.ElementActions.doEnterValue(ElementActions.java:36)
at com.qa.orangeendtoendpages.Loginpage.enterDetails(Loginpage.java:14)
at com.qa.orangeendtoend.testcases.AddcandidateTest.precondition(AddcandidateTest.java:14)
at java.base/jdk.internal.reflect.DirectMethodHandleAccessor.invoke(DirectMethodHandleAccessor.java:103)
at java.base/java.lang.reflect.Method.invoke(Method.java:580)
at org.testng.internal.invokers.MethodInvocationHelper.invokeMethod(MethodInvocationHelper.java:141)
at org.testng.internal.invokers.MethodInvocationHelper.invokeMethodConsideringTimeout(MethodInvocationHelper.java:71)
at org.testng.internal.invokers.ConfigInvoker.invokeConfigurationMethod(ConfigInvoker.java:400)
at org.testng.internal.invokers.ConfigInvoker.invokeConfigurations(ConfigInvoker.java:333)
at org.testng.internal.invokers.TestInvoker.runConfigMethods(TestInvoker.java:836)
at org.testng.internal.invokers.TestInvoker.invokeMethod(TestInvoker.java:601)
at org.testng.internal.invokers.TestInvoker.invokeTestMethod(TestInvoker.java:230)
at org.testng.internal.invokers.MethodRunner.runInSequence(MethodRunner.java:63)
at org.testng.internal.invokers.TestInvoker$MethodInvocationAgent.invoke(TestInvoker.java:995)
at org.testng.internal.invokers.TestInvoker.invokeTestMethods(TestInvoker.java:203)
at org.testng.internal.invokers.TestMethodWorker.invokeTestMethods(TestMethodWorker.java:154)
at org.testng.internal.invokers.TestMethodWorker.run(TestMethodWorker.java:134)
at java.base/java.util.ArrayList.forEach(ArrayList.java:1596)
at org.testng.TestRunner.privateRun(TestRunner.java:741)
at org.testng.TestRunner.run(TestRunner.java:616)
at org.testng.SuiteRunner.runTest(SuiteRunner.java:421)
at org.testng.SuiteRunner$SuiteWorker.run(SuiteRunner.java:463)
at org.testng.internal.thread.ThreadUtil.lambda$execute$0(ThreadUtil.java:64)
at java.base/java.util.concurrent.FutureTask.run(FutureTask.java:317)
at java.base/java.util.concurrent.ThreadPoolExecutor.runWorker(ThreadPoolExecutor.java:1144)
at java.base/java.util.concurrent.ThreadPoolExecutor$Worker.run(ThreadPoolExecutor.java:642)
at java.base/java.lang.Thread.run(Thread.java:1583)
]]>
            </full-stacktrace>
          </exception> <!-- com.qa.orangeendtoend.FrameWorkExceptions.ElementException -->
          <reporter-output>
          </reporter-output>
        </test-method> <!-- precondition -->
        <test-method signature="ClickModuleandDetails()[pri:0, instance:com.qa.orangeendtoend.testcases.AddcandidateTest@1169afe1]" started-at="2026-05-14T17:14:27 AEST" name="ClickModuleandDetails" finished-at="2026-05-14T17:14:27 AEST" duration-ms="0" status="SKIP">
          <exception class="com.qa.orangeendtoend.FrameWorkExceptions.ElementException">
            <message>
              <![CDATA[[validateString] the specified value cannot be null
nullused in methoddoEnterValue]]>
            </message>
            <full-stacktrace>
              <![CDATA[com.qa.orangeendtoend.FrameWorkExceptions.ElementException: [validateString] the specified value cannot be null
nullused in methoddoEnterValue
at com.qa.orangeendtoend.Validationhelper.Validation.validateString(Validation.java:28)
at com.qa.orangeendtoend.utilities.ElementActions.doEnterValue(ElementActions.java:36)
at com.qa.orangeendtoendpages.Loginpage.enterDetails(Loginpage.java:14)
at com.qa.orangeendtoend.testcases.AddcandidateTest.precondition(AddcandidateTest.java:14)
at java.base/jdk.internal.reflect.DirectMethodHandleAccessor.invoke(DirectMethodHandleAccessor.java:103)
at java.base/java.lang.reflect.Method.invoke(Method.java:580)
at org.testng.internal.invokers.MethodInvocationHelper.invokeMethod(MethodInvocationHelper.java:141)
at org.testng.internal.invokers.MethodInvocationHelper.invokeMethodConsideringTimeout(MethodInvocationHelper.java:71)
at org.testng.internal.invokers.ConfigInvoker.invokeConfigurationMethod(ConfigInvoker.java:400)
at org.testng.internal.invokers.ConfigInvoker.invokeConfigurations(ConfigInvoker.java:333)
at org.testng.internal.invokers.TestInvoker.runConfigMethods(TestInvoker.java:836)
at org.testng.internal.invokers.TestInvoker.invokeMethod(TestInvoker.java:601)
at org.testng.internal.invokers.TestInvoker.invokeTestMethod(TestInvoker.java:230)
at org.testng.internal.invokers.MethodRunner.runInSequence(MethodRunner.java:63)
at org.testng.internal.invokers.TestInvoker$MethodInvocationAgent.invoke(TestInvoker.java:995)
at org.testng.internal.invokers.TestInvoker.invokeTestMethods(TestInvoker.java:203)
at org.testng.internal.invokers.TestMethodWorker.invokeTestMethods(TestMethodWorker.java:154)
at org.testng.internal.invokers.TestMethodWorker.run(TestMethodWorker.java:134)
at java.base/java.util.ArrayList.forEach(ArrayList.java:1596)
at org.testng.TestRunner.privateRun(TestRunner.java:741)
at org.testng.TestRunner.run(TestRunner.java:616)
at org.testng.SuiteRunner.runTest(SuiteRunner.java:421)
at org.testng.SuiteRunner$SuiteWorker.run(SuiteRunner.java:463)
at org.testng.internal.thread.ThreadUtil.lambda$execute$0(ThreadUtil.java:64)
at java.base/java.util.concurrent.FutureTask.run(FutureTask.java:317)
at java.base/java.util.concurrent.ThreadPoolExecutor.runWorker(ThreadPoolExecutor.java:1144)
at java.base/java.util.concurrent.ThreadPoolExecutor$Worker.run(ThreadPoolExecutor.java:642)
at java.base/java.lang.Thread.run(Thread.java:1583)
]]>
            </full-stacktrace>
          </exception> <!-- com.qa.orangeendtoend.FrameWorkExceptions.ElementException -->
          <reporter-output>
          </reporter-output>
        </test-method> <!-- ClickModuleandDetails -->
        <test-method is-config="true" signature="terminateBrowser()[pri:0, instance:com.qa.orangeendtoend.testcases.AddcandidateTest@1169afe1]" started-at="2026-05-14T17:14:27 AEST" name="terminateBrowser" finished-at="2026-05-14T17:14:27 AEST" duration-ms="0" status="SKIP">
          <reporter-output>
          </reporter-output>
        </test-method> <!-- terminateBrowser -->
      </class> <!-- com.qa.orangeendtoend.testcases.AddcandidateTest -->
      <class name="com.qa.orangeendtoend.testcases.LoginTest">
        <test-method is-config="true" signature="launchingBrowser(java.lang.String,java.lang.String,java.lang.String)[pri:0, instance:com.qa.orangeendtoend.testcases.LoginTest@4808bc9b]" started-at="2026-05-14T17:15:10 AEST" name="launchingBrowser" finished-at="2026-05-14T17:15:44 AEST" duration-ms="34747" status="PASS">
          <params>
            <param index="0">
              <value>
                <![CDATA[browser]]>
              </value>
            </param>
            <param index="1">
              <value>
                <![CDATA[headless]]>
              </value>
            </param>
            <param index="2">
              <value>
                <![CDATA[incognito]]>
              </value>
            </param>
          </params>
          <reporter-output>
            <line>
              <![CDATA[Running chrome inheadless mode]]>
            </line>
            <line>
              <![CDATA[Running chrome incognitomode]]>
            </line>
          </reporter-output>
        </test-method> <!-- launchingBrowser -->
        <test-method signature="doLogin()[pri:0, instance:com.qa.orangeendtoend.testcases.LoginTest@4808bc9b]" started-at="2026-05-14T17:15:44 AEST" name="doLogin" finished-at="2026-05-14T17:15:56 AEST" duration-ms="11692" status="PASS">
          <reporter-output>
          </reporter-output>
        </test-method> <!-- doLogin -->
        <test-method is-config="true" signature="terminateBrowser()[pri:0, instance:com.qa.orangeendtoend.testcases.LoginTest@4808bc9b]" started-at="2026-05-14T17:15:56 AEST" name="terminateBrowser" finished-at="2026-05-14T17:15:57 AEST" duration-ms="612" status="PASS">
          <reporter-output>
          </reporter-output>
        </test-method> <!-- terminateBrowser -->
      </class> <!-- com.qa.orangeendtoend.testcases.LoginTest -->
      <class name="com.qa.orangeendtoend.testcases.AddvaccanciesTest">
        <test-method is-config="true" signature="launchingBrowser(java.lang.String,java.lang.String,java.lang.String)[pri:0, instance:com.qa.orangeendtoend.testcases.AddvaccanciesTest@70e38ce1]" started-at="2026-05-14T17:15:57 AEST" name="launchingBrowser" finished-at="2026-05-14T17:16:20 AEST" duration-ms="22813" status="PASS">
          <params>
            <param index="0">
              <value>
                <![CDATA[browser]]>
              </value>
            </param>
            <param index="1">
              <value>
                <![CDATA[headless]]>
              </value>
            </param>
            <param index="2">
              <value>
                <![CDATA[incognito]]>
              </value>
            </param>
          </params>
          <reporter-output>
            <line>
              <![CDATA[Running chrome inheadless mode]]>
            </line>
            <line>
              <![CDATA[Running chrome incognitomode]]>
            </line>
          </reporter-output>
        </test-method> <!-- launchingBrowser -->
        <test-method is-config="true" signature="precondition()[pri:0, instance:com.qa.orangeendtoend.testcases.AddvaccanciesTest@70e38ce1]" started-at="2026-05-14T17:16:20 AEST" name="precondition" finished-at="2026-05-14T17:16:48 AEST" duration-ms="28146" status="FAIL">
          <exception class="com.qa.orangeendtoend.FrameWorkExceptions.ElementException">
            <message>
              <![CDATA[[doClick] the specifies locatorBy.xpath: //span[normalize-space()='Recruitment']is not matching to any locator]]>
            </message>
            <full-stacktrace>
              <![CDATA[com.qa.orangeendtoend.FrameWorkExceptions.ElementException: [doClick] the specifies locatorBy.xpath: //span[normalize-space()='Recruitment']is not matching to any locator
at com.qa.orangeendtoend.utilities.ElementActions.doClick(ElementActions.java:23)
at com.qa.orangeendtoendpages.Dashboard.selectModule(Dashboard.java:22)
at com.qa.orangeendtoend.testcases.AddvaccanciesTest.precondition(AddvaccanciesTest.java:14)
at java.base/jdk.internal.reflect.DirectMethodHandleAccessor.invoke(DirectMethodHandleAccessor.java:103)
at java.base/java.lang.reflect.Method.invoke(Method.java:580)
at org.testng.internal.invokers.MethodInvocationHelper.invokeMethod(MethodInvocationHelper.java:141)
at org.testng.internal.invokers.MethodInvocationHelper.invokeMethodConsideringTimeout(MethodInvocationHelper.java:71)
at org.testng.internal.invokers.ConfigInvoker.invokeConfigurationMethod(ConfigInvoker.java:400)
at org.testng.internal.invokers.ConfigInvoker.invokeConfigurations(ConfigInvoker.java:333)
at org.testng.internal.invokers.TestInvoker.runConfigMethods(TestInvoker.java:836)
at org.testng.internal.invokers.TestInvoker.invokeMethod(TestInvoker.java:601)
at org.testng.internal.invokers.TestInvoker.invokeTestMethod(TestInvoker.java:230)
at org.testng.internal.invokers.MethodRunner.runInSequence(MethodRunner.java:63)
at org.testng.internal.invokers.TestInvoker$MethodInvocationAgent.invoke(TestInvoker.java:995)
at org.testng.internal.invokers.TestInvoker.invokeTestMethods(TestInvoker.java:203)
at org.testng.internal.invokers.TestMethodWorker.invokeTestMethods(TestMethodWorker.java:154)
at org.testng.internal.invokers.TestMethodWorker.run(TestMethodWorker.java:134)
at java.base/java.util.ArrayList.forEach(ArrayList.java:1596)
at org.testng.TestRunner.privateRun(TestRunner.java:741)
at org.testng.TestRunner.run(TestRunner.java:616)
at org.testng.SuiteRunner.runTest(SuiteRunner.java:421)
at org.testng.SuiteRunner$SuiteWorker.run(SuiteRunner.java:463)
at org.testng.internal.thread.ThreadUtil.lambda$execute$0(ThreadUtil.java:64)
at java.base/java.util.concurrent.FutureTask.run(FutureTask.java:317)
at java.base/java.util.concurrent.ThreadPoolExecutor.runWorker(ThreadPoolExecutor.java:1144)
at java.base/java.util.concurrent.ThreadPoolExecutor$Worker.run(ThreadPoolExecutor.java:642)
at java.base/java.lang.Thread.run(Thread.java:1583)
]]>
            </full-stacktrace>
          </exception> <!-- com.qa.orangeendtoend.FrameWorkExceptions.ElementException -->
          <reporter-output>
          </reporter-output>
        </test-method> <!-- precondition -->
        <test-method signature="ClickModuleandDetails()[pri:0, instance:com.qa.orangeendtoend.testcases.AddvaccanciesTest@70e38ce1]" started-at="2026-05-14T17:16:48 AEST" name="ClickModuleandDetails" finished-at="2026-05-14T17:16:48 AEST" duration-ms="0" status="SKIP">
          <exception class="com.qa.orangeendtoend.FrameWorkExceptions.ElementException">
            <message>
              <![CDATA[[doClick] the specifies locatorBy.xpath: //span[normalize-space()='Recruitment']is not matching to any locator]]>
            </message>
            <full-stacktrace>
              <![CDATA[com.qa.orangeendtoend.FrameWorkExceptions.ElementException: [doClick] the specifies locatorBy.xpath: //span[normalize-space()='Recruitment']is not matching to any locator
at com.qa.orangeendtoend.utilities.ElementActions.doClick(ElementActions.java:23)
at com.qa.orangeendtoendpages.Dashboard.selectModule(Dashboard.java:22)
at com.qa.orangeendtoend.testcases.AddvaccanciesTest.precondition(AddvaccanciesTest.java:14)
at java.base/jdk.internal.reflect.DirectMethodHandleAccessor.invoke(DirectMethodHandleAccessor.java:103)
at java.base/java.lang.reflect.Method.invoke(Method.java:580)
at org.testng.internal.invokers.MethodInvocationHelper.invokeMethod(MethodInvocationHelper.java:141)
at org.testng.internal.invokers.MethodInvocationHelper.invokeMethodConsideringTimeout(MethodInvocationHelper.java:71)
at org.testng.internal.invokers.ConfigInvoker.invokeConfigurationMethod(ConfigInvoker.java:400)
at org.testng.internal.invokers.ConfigInvoker.invokeConfigurations(ConfigInvoker.java:333)
at org.testng.internal.invokers.TestInvoker.runConfigMethods(TestInvoker.java:836)
at org.testng.internal.invokers.TestInvoker.invokeMethod(TestInvoker.java:601)
at org.testng.internal.invokers.TestInvoker.invokeTestMethod(TestInvoker.java:230)
at org.testng.internal.invokers.MethodRunner.runInSequence(MethodRunner.java:63)
at org.testng.internal.invokers.TestInvoker$MethodInvocationAgent.invoke(TestInvoker.java:995)
at org.testng.internal.invokers.TestInvoker.invokeTestMethods(TestInvoker.java:203)
at org.testng.internal.invokers.TestMethodWorker.invokeTestMethods(TestMethodWorker.java:154)
at org.testng.internal.invokers.TestMethodWorker.run(TestMethodWorker.java:134)
at java.base/java.util.ArrayList.forEach(ArrayList.java:1596)
at org.testng.TestRunner.privateRun(TestRunner.java:741)
at org.testng.TestRunner.run(TestRunner.java:616)
at org.testng.SuiteRunner.runTest(SuiteRunner.java:421)
at org.testng.SuiteRunner$SuiteWorker.run(SuiteRunner.java:463)
at org.testng.internal.thread.ThreadUtil.lambda$execute$0(ThreadUtil.java:64)
at java.base/java.util.concurrent.FutureTask.run(FutureTask.java:317)
at java.base/java.util.concurrent.ThreadPoolExecutor.runWorker(ThreadPoolExecutor.java:1144)
at java.base/java.util.concurrent.ThreadPoolExecutor$Worker.run(ThreadPoolExecutor.java:642)
at java.base/java.lang.Thread.run(Thread.java:1583)
]]>
            </full-stacktrace>
          </exception> <!-- com.qa.orangeendtoend.FrameWorkExceptions.ElementException -->
          <reporter-output>
          </reporter-output>
        </test-method> <!-- ClickModuleandDetails -->
        <test-method is-config="true" signature="terminateBrowser()[pri:0, instance:com.qa.orangeendtoend.testcases.AddvaccanciesTest@70e38ce1]" started-at="2026-05-14T17:16:48 AEST" name="terminateBrowser" finished-at="2026-05-14T17:16:48 AEST" duration-ms="0" status="SKIP">
          <reporter-output>
          </reporter-output>
        </test-method> <!-- terminateBrowser -->
      </class> <!-- com.qa.orangeendtoend.testcases.AddvaccanciesTest -->
      <class name="com.qa.orangeendtoend.testcases.PIMTest">
        <test-method is-config="true" signature="launchingBrowser(java.lang.String,java.lang.String,java.lang.String)[pri:0, instance:com.qa.orangeendtoend.testcases.PIMTest@2ca26d77]" started-at="2026-05-14T17:14:27 AEST" name="launchingBrowser" finished-at="2026-05-14T17:14:45 AEST" duration-ms="17879" status="PASS">
          <params>
            <param index="0">
              <value>
                <![CDATA[browser]]>
              </value>
            </param>
            <param index="1">
              <value>
                <![CDATA[headless]]>
              </value>
            </param>
            <param index="2">
              <value>
                <![CDATA[incognito]]>
              </value>
            </param>
          </params>
          <reporter-output>
            <line>
              <![CDATA[Running chrome inheadless mode]]>
            </line>
            <line>
              <![CDATA[Running chrome incognitomode]]>
            </line>
          </reporter-output>
        </test-method> <!-- launchingBrowser -->
        <test-method is-config="true" signature="precondition()[pri:0, instance:com.qa.orangeendtoend.testcases.PIMTest@2ca26d77]" started-at="2026-05-14T17:14:45 AEST" name="precondition" finished-at="2026-05-14T17:15:10 AEST" duration-ms="24908" status="FAIL">
          <exception class="com.qa.orangeendtoend.FrameWorkExceptions.ElementException">
            <message>
              <![CDATA[[doClick] the specifies locatorBy.xpath: //span[normalize-space()='PIM']is not matching to any locator]]>
            </message>
            <full-stacktrace>
              <![CDATA[com.qa.orangeendtoend.FrameWorkExceptions.ElementException: [doClick] the specifies locatorBy.xpath: //span[normalize-space()='PIM']is not matching to any locator
at com.qa.orangeendtoend.utilities.ElementActions.doClick(ElementActions.java:23)
at com.qa.orangeendtoendpages.Dashboard.selectModule(Dashboard.java:22)
at com.qa.orangeendtoend.testcases.PIMTest.precondition(PIMTest.java:14)
at java.base/jdk.internal.reflect.DirectMethodHandleAccessor.invoke(DirectMethodHandleAccessor.java:103)
at java.base/java.lang.reflect.Method.invoke(Method.java:580)
at org.testng.internal.invokers.MethodInvocationHelper.invokeMethod(MethodInvocationHelper.java:141)
at org.testng.internal.invokers.MethodInvocationHelper.invokeMethodConsideringTimeout(MethodInvocationHelper.java:71)
at org.testng.internal.invokers.ConfigInvoker.invokeConfigurationMethod(ConfigInvoker.java:400)
at org.testng.internal.invokers.ConfigInvoker.invokeConfigurations(ConfigInvoker.java:333)
at org.testng.internal.invokers.TestInvoker.runConfigMethods(TestInvoker.java:836)
at org.testng.internal.invokers.TestInvoker.invokeMethod(TestInvoker.java:601)
at org.testng.internal.invokers.TestInvoker.invokeTestMethod(TestInvoker.java:230)
at org.testng.internal.invokers.MethodRunner.runInSequence(MethodRunner.java:63)
at org.testng.internal.invokers.TestInvoker$MethodInvocationAgent.invoke(TestInvoker.java:995)
at org.testng.internal.invokers.TestInvoker.invokeTestMethods(TestInvoker.java:203)
at org.testng.internal.invokers.TestMethodWorker.invokeTestMethods(TestMethodWorker.java:154)
at org.testng.internal.invokers.TestMethodWorker.run(TestMethodWorker.java:134)
at java.base/java.util.ArrayList.forEach(ArrayList.java:1596)
at org.testng.TestRunner.privateRun(TestRunner.java:741)
at org.testng.TestRunner.run(TestRunner.java:616)
at org.testng.SuiteRunner.runTest(SuiteRunner.java:421)
at org.testng.SuiteRunner$SuiteWorker.run(SuiteRunner.java:463)
at org.testng.internal.thread.ThreadUtil.lambda$execute$0(ThreadUtil.java:64)
at java.base/java.util.concurrent.FutureTask.run(FutureTask.java:317)
at java.base/java.util.concurrent.ThreadPoolExecutor.runWorker(ThreadPoolExecutor.java:1144)
at java.base/java.util.concurrent.ThreadPoolExecutor$Worker.run(ThreadPoolExecutor.java:642)
at java.base/java.lang.Thread.run(Thread.java:1583)
]]>
            </full-stacktrace>
          </exception> <!-- com.qa.orangeendtoend.FrameWorkExceptions.ElementException -->
          <reporter-output>
          </reporter-output>
        </test-method> <!-- precondition -->
        <test-method signature="ClickModuleandDetails()[pri:0, instance:com.qa.orangeendtoend.testcases.PIMTest@2ca26d77]" started-at="2026-05-14T17:15:10 AEST" name="ClickModuleandDetails" finished-at="2026-05-14T17:15:10 AEST" duration-ms="0" status="SKIP">
          <exception class="com.qa.orangeendtoend.FrameWorkExceptions.ElementException">
            <message>
              <![CDATA[[doClick] the specifies locatorBy.xpath: //span[normalize-space()='PIM']is not matching to any locator]]>
            </message>
            <full-stacktrace>
              <![CDATA[com.qa.orangeendtoend.FrameWorkExceptions.ElementException: [doClick] the specifies locatorBy.xpath: //span[normalize-space()='PIM']is not matching to any locator
at com.qa.orangeendtoend.utilities.ElementActions.doClick(ElementActions.java:23)
at com.qa.orangeendtoendpages.Dashboard.selectModule(Dashboard.java:22)
at com.qa.orangeendtoend.testcases.PIMTest.precondition(PIMTest.java:14)
at java.base/jdk.internal.reflect.DirectMethodHandleAccessor.invoke(DirectMethodHandleAccessor.java:103)
at java.base/java.lang.reflect.Method.invoke(Method.java:580)
at org.testng.internal.invokers.MethodInvocationHelper.invokeMethod(MethodInvocationHelper.java:141)
at org.testng.internal.invokers.MethodInvocationHelper.invokeMethodConsideringTimeout(MethodInvocationHelper.java:71)
at org.testng.internal.invokers.ConfigInvoker.invokeConfigurationMethod(ConfigInvoker.java:400)
at org.testng.internal.invokers.ConfigInvoker.invokeConfigurations(ConfigInvoker.java:333)
at org.testng.internal.invokers.TestInvoker.runConfigMethods(TestInvoker.java:836)
at org.testng.internal.invokers.TestInvoker.invokeMethod(TestInvoker.java:601)
at org.testng.internal.invokers.TestInvoker.invokeTestMethod(TestInvoker.java:230)
at org.testng.internal.invokers.MethodRunner.runInSequence(MethodRunner.java:63)
at org.testng.internal.invokers.TestInvoker$MethodInvocationAgent.invoke(TestInvoker.java:995)
at org.testng.internal.invokers.TestInvoker.invokeTestMethods(TestInvoker.java:203)
at org.testng.internal.invokers.TestMethodWorker.invokeTestMethods(TestMethodWorker.java:154)
at org.testng.internal.invokers.TestMethodWorker.run(TestMethodWorker.java:134)
at java.base/java.util.ArrayList.forEach(ArrayList.java:1596)
at org.testng.TestRunner.privateRun(TestRunner.java:741)
at org.testng.TestRunner.run(TestRunner.java:616)
at org.testng.SuiteRunner.runTest(SuiteRunner.java:421)
at org.testng.SuiteRunner$SuiteWorker.run(SuiteRunner.java:463)
at org.testng.internal.thread.ThreadUtil.lambda$execute$0(ThreadUtil.java:64)
at java.base/java.util.concurrent.FutureTask.run(FutureTask.java:317)
at java.base/java.util.concurrent.ThreadPoolExecutor.runWorker(ThreadPoolExecutor.java:1144)
at java.base/java.util.concurrent.ThreadPoolExecutor$Worker.run(ThreadPoolExecutor.java:642)
at java.base/java.lang.Thread.run(Thread.java:1583)
]]>
            </full-stacktrace>
          </exception> <!-- com.qa.orangeendtoend.FrameWorkExceptions.ElementException -->
          <reporter-output>
          </reporter-output>
        </test-method> <!-- ClickModuleandDetails -->
        <test-method is-config="true" signature="terminateBrowser()[pri:0, instance:com.qa.orangeendtoend.testcases.PIMTest@2ca26d77]" started-at="2026-05-14T17:15:10 AEST" name="terminateBrowser" finished-at="2026-05-14T17:15:10 AEST" duration-ms="0" status="SKIP">
          <reporter-output>
          </reporter-output>
        </test-method> <!-- terminateBrowser -->
      </class> <!-- com.qa.orangeendtoend.testcases.PIMTest -->
    </test> <!-- edge -->
    <test started-at="2026-05-14T17:13:40 AEST" name="chrome" finished-at="2026-05-14T17:17:57 AEST" duration-ms="256758">
      <class name="com.qa.orangeendtoend.testcases.DashboardTest">
        <test-method is-config="true" signature="launchingBrowser(java.lang.String,java.lang.String,java.lang.String)[pri:0, instance:com.qa.orangeendtoend.testcases.DashboardTest@5038d0b5]" started-at="2026-05-14T17:17:02 AEST" name="launchingBrowser" finished-at="2026-05-14T17:17:29 AEST" duration-ms="27115" status="PASS">
          <params>
            <param index="0">
              <value>
                <![CDATA[browser]]>
              </value>
            </param>
            <param index="1">
              <value>
                <![CDATA[headless]]>
              </value>
            </param>
            <param index="2">
              <value>
                <![CDATA[incognito]]>
              </value>
            </param>
          </params>
          <reporter-output>
            <line>
              <![CDATA[Running chrome inheadless mode]]>
            </line>
            <line>
              <![CDATA[Running chrome incognitomode]]>
            </line>
          </reporter-output>
        </test-method> <!-- launchingBrowser -->
        <test-method is-config="true" signature="precondition()[pri:0, instance:com.qa.orangeendtoend.testcases.DashboardTest@5038d0b5]" started-at="2026-05-14T17:17:29 AEST" name="precondition" finished-at="2026-05-14T17:17:35 AEST" duration-ms="5461" status="PASS">
          <reporter-output>
          </reporter-output>
        </test-method> <!-- precondition -->
        <test-method signature="ClickModule()[pri:0, instance:com.qa.orangeendtoend.testcases.DashboardTest@5038d0b5]" started-at="2026-05-14T17:17:35 AEST" name="ClickModule" finished-at="2026-05-14T17:17:57 AEST" duration-ms="21925" status="FAIL">
          <exception class="com.qa.orangeendtoend.FrameWorkExceptions.ElementException">
            <message>
              <![CDATA[[doClick] the specifies locatorBy.xpath: //span[normalize-space()='Recruitment']is not matching to any locator]]>
            </message>
            <full-stacktrace>
              <![CDATA[com.qa.orangeendtoend.FrameWorkExceptions.ElementException: [doClick] the specifies locatorBy.xpath: //span[normalize-space()='Recruitment']is not matching to any locator
at com.qa.orangeendtoend.utilities.ElementActions.doClick(ElementActions.java:23)
at com.qa.orangeendtoendpages.Dashboard.selectModule(Dashboard.java:22)
at com.qa.orangeendtoend.testcases.DashboardTest.ClickModule(DashboardTest.java:16)
at java.base/jdk.internal.reflect.DirectMethodHandleAccessor.invoke(DirectMethodHandleAccessor.java:103)
at java.base/java.lang.reflect.Method.invoke(Method.java:580)
at org.testng.internal.invokers.MethodInvocationHelper.invokeMethod(MethodInvocationHelper.java:141)
at org.testng.internal.invokers.TestInvoker.invokeMethod(TestInvoker.java:687)
at org.testng.internal.invokers.TestInvoker.invokeTestMethod(TestInvoker.java:230)
at org.testng.internal.invokers.MethodRunner.runInSequence(MethodRunner.java:63)
at org.testng.internal.invokers.TestInvoker$MethodInvocationAgent.invoke(TestInvoker.java:995)
at org.testng.internal.invokers.TestInvoker.invokeTestMethods(TestInvoker.java:203)
at org.testng.internal.invokers.TestMethodWorker.invokeTestMethods(TestMethodWorker.java:154)
at org.testng.internal.invokers.TestMethodWorker.run(TestMethodWorker.java:134)
at java.base/java.util.ArrayList.forEach(ArrayList.java:1596)
at org.testng.TestRunner.privateRun(TestRunner.java:741)
at org.testng.TestRunner.run(TestRunner.java:616)
at org.testng.SuiteRunner.runTest(SuiteRunner.java:421)
at org.testng.SuiteRunner$SuiteWorker.run(SuiteRunner.java:463)
at org.testng.internal.thread.ThreadUtil.lambda$execute$0(ThreadUtil.java:64)
at java.base/java.util.concurrent.FutureTask.run(FutureTask.java:317)
at java.base/java.util.concurrent.ThreadPoolExecutor.runWorker(ThreadPoolExecutor.java:1144)
at java.base/java.util.concurrent.ThreadPoolExecutor$Worker.run(ThreadPoolExecutor.java:642)
at java.base/java.lang.Thread.run(Thread.java:1583)
]]>
            </full-stacktrace>
          </exception> <!-- com.qa.orangeendtoend.FrameWorkExceptions.ElementException -->
          <reporter-output>
          </reporter-output>
        </test-method> <!-- ClickModule -->
        <test-method is-config="true" signature="terminateBrowser()[pri:0, instance:com.qa.orangeendtoend.testcases.DashboardTest@5038d0b5]" started-at="2026-05-14T17:17:57 AEST" name="terminateBrowser" finished-at="2026-05-14T17:17:57 AEST" duration-ms="568" status="PASS">
          <reporter-output>
          </reporter-output>
        </test-method> <!-- terminateBrowser -->
      </class> <!-- com.qa.orangeendtoend.testcases.DashboardTest -->
      <class name="com.qa.orangeendtoend.testcases.LoginTest">
        <test-method is-config="true" signature="launchingBrowser(java.lang.String,java.lang.String,java.lang.String)[pri:0, instance:com.qa.orangeendtoend.testcases.LoginTest@7f2cfe3f]" started-at="2026-05-14T17:15:40 AEST" name="launchingBrowser" finished-at="2026-05-14T17:16:16 AEST" duration-ms="35294" status="PASS">
          <params>
            <param index="0">
              <value>
                <![CDATA[browser]]>
              </value>
            </param>
            <param index="1">
              <value>
                <![CDATA[headless]]>
              </value>
            </param>
            <param index="2">
              <value>
                <![CDATA[incognito]]>
              </value>
            </param>
          </params>
          <reporter-output>
            <line>
              <![CDATA[Running chrome inheadless mode]]>
            </line>
            <line>
              <![CDATA[Running chrome incognitomode]]>
            </line>
          </reporter-output>
        </test-method> <!-- launchingBrowser -->
        <test-method signature="doLogin()[pri:0, instance:com.qa.orangeendtoend.testcases.LoginTest@7f2cfe3f]" started-at="2026-05-14T17:16:16 AEST" name="doLogin" finished-at="2026-05-14T17:16:20 AEST" duration-ms="4778" status="PASS">
          <reporter-output>
          </reporter-output>
        </test-method> <!-- doLogin -->
        <test-method is-config="true" signature="terminateBrowser()[pri:0, instance:com.qa.orangeendtoend.testcases.LoginTest@7f2cfe3f]" started-at="2026-05-14T17:16:20 AEST" name="terminateBrowser" finished-at="2026-05-14T17:16:21 AEST" duration-ms="378" status="PASS">
          <reporter-output>
          </reporter-output>
        </test-method> <!-- terminateBrowser -->
      </class> <!-- com.qa.orangeendtoend.testcases.LoginTest -->
      <class name="com.qa.orangeendtoend.testcases.AddcandidateTest">
        <test-method is-config="true" signature="launchingBrowser(java.lang.String,java.lang.String,java.lang.String)[pri:0, instance:com.qa.orangeendtoend.testcases.AddcandidateTest@2584b82d]" started-at="2026-05-14T17:13:41 AEST" name="launchingBrowser" finished-at="2026-05-14T17:14:22 AEST" duration-ms="41464" status="PASS">
          <params>
            <param index="0">
              <value>
                <![CDATA[browser]]>
              </value>
            </param>
            <param index="1">
              <value>
                <![CDATA[headless]]>
              </value>
            </param>
            <param index="2">
              <value>
                <![CDATA[incognito]]>
              </value>
            </param>
          </params>
          <reporter-output>
          </reporter-output>
        </test-method> <!-- launchingBrowser -->
        <test-method is-config="true" signature="precondition()[pri:0, instance:com.qa.orangeendtoend.testcases.AddcandidateTest@2584b82d]" started-at="2026-05-14T17:14:23 AEST" name="precondition" finished-at="2026-05-14T17:14:31 AEST" duration-ms="8216" status="PASS">
          <reporter-output>
          </reporter-output>
        </test-method> <!-- precondition -->
        <test-method signature="ClickModuleandDetails()[pri:0, instance:com.qa.orangeendtoend.testcases.AddcandidateTest@2584b82d]" started-at="2026-05-14T17:14:31 AEST" name="ClickModuleandDetails" finished-at="2026-05-14T17:14:51 AEST" duration-ms="20161" status="PASS">
          <reporter-output>
          </reporter-output>
        </test-method> <!-- ClickModuleandDetails -->
        <test-method is-config="true" signature="terminateBrowser()[pri:0, instance:com.qa.orangeendtoend.testcases.AddcandidateTest@2584b82d]" started-at="2026-05-14T17:14:51 AEST" name="terminateBrowser" finished-at="2026-05-14T17:14:52 AEST" duration-ms="645" status="PASS">
          <reporter-output>
          </reporter-output>
        </test-method> <!-- terminateBrowser -->
      </class> <!-- com.qa.orangeendtoend.testcases.AddcandidateTest -->
      <class name="com.qa.orangeendtoend.testcases.AddvaccanciesTest">
        <test-method is-config="true" signature="launchingBrowser(java.lang.String,java.lang.String,java.lang.String)[pri:0, instance:com.qa.orangeendtoend.testcases.AddvaccanciesTest@1a5b6f42]" started-at="2026-05-14T17:16:21 AEST" name="launchingBrowser" finished-at="2026-05-14T17:16:26 AEST" duration-ms="5051" status="PASS">
          <params>
            <param index="0">
              <value>
                <![CDATA[browser]]>
              </value>
            </param>
            <param index="1">
              <value>
                <![CDATA[headless]]>
              </value>
            </param>
            <param index="2">
              <value>
                <![CDATA[incognito]]>
              </value>
            </param>
          </params>
          <reporter-output>
            <line>
              <![CDATA[Running chrome inheadless mode]]>
            </line>
            <line>
              <![CDATA[Running chrome incognitomode]]>
            </line>
          </reporter-output>
        </test-method> <!-- launchingBrowser -->
        <test-method is-config="true" signature="precondition()[pri:0, instance:com.qa.orangeendtoend.testcases.AddvaccanciesTest@1a5b6f42]" started-at="2026-05-14T17:16:26 AEST" name="precondition" finished-at="2026-05-14T17:17:02 AEST" duration-ms="36107" status="FAIL">
          <exception class="com.qa.orangeendtoend.FrameWorkExceptions.ElementException">
            <message>
              <![CDATA[[doClick] the specifies locatorBy.xpath: //span[normalize-space()='Recruitment']is not matching to any locator]]>
            </message>
            <full-stacktrace>
              <![CDATA[com.qa.orangeendtoend.FrameWorkExceptions.ElementException: [doClick] the specifies locatorBy.xpath: //span[normalize-space()='Recruitment']is not matching to any locator
at com.qa.orangeendtoend.utilities.ElementActions.doClick(ElementActions.java:23)
at com.qa.orangeendtoendpages.Dashboard.selectModule(Dashboard.java:22)
at com.qa.orangeendtoend.testcases.AddvaccanciesTest.precondition(AddvaccanciesTest.java:14)
at java.base/jdk.internal.reflect.DirectMethodHandleAccessor.invoke(DirectMethodHandleAccessor.java:103)
at java.base/java.lang.reflect.Method.invoke(Method.java:580)
at org.testng.internal.invokers.MethodInvocationHelper.invokeMethod(MethodInvocationHelper.java:141)
at org.testng.internal.invokers.MethodInvocationHelper.invokeMethodConsideringTimeout(MethodInvocationHelper.java:71)
at org.testng.internal.invokers.ConfigInvoker.invokeConfigurationMethod(ConfigInvoker.java:400)
at org.testng.internal.invokers.ConfigInvoker.invokeConfigurations(ConfigInvoker.java:333)
at org.testng.internal.invokers.TestInvoker.runConfigMethods(TestInvoker.java:836)
at org.testng.internal.invokers.TestInvoker.invokeMethod(TestInvoker.java:601)
at org.testng.internal.invokers.TestInvoker.invokeTestMethod(TestInvoker.java:230)
at org.testng.internal.invokers.MethodRunner.runInSequence(MethodRunner.java:63)
at org.testng.internal.invokers.TestInvoker$MethodInvocationAgent.invoke(TestInvoker.java:995)
at org.testng.internal.invokers.TestInvoker.invokeTestMethods(TestInvoker.java:203)
at org.testng.internal.invokers.TestMethodWorker.invokeTestMethods(TestMethodWorker.java:154)
at org.testng.internal.invokers.TestMethodWorker.run(TestMethodWorker.java:134)
at java.base/java.util.ArrayList.forEach(ArrayList.java:1596)
at org.testng.TestRunner.privateRun(TestRunner.java:741)
at org.testng.TestRunner.run(TestRunner.java:616)
at org.testng.SuiteRunner.runTest(SuiteRunner.java:421)
at org.testng.SuiteRunner$SuiteWorker.run(SuiteRunner.java:463)
at org.testng.internal.thread.ThreadUtil.lambda$execute$0(ThreadUtil.java:64)
at java.base/java.util.concurrent.FutureTask.run(FutureTask.java:317)
at java.base/java.util.concurrent.ThreadPoolExecutor.runWorker(ThreadPoolExecutor.java:1144)
at java.base/java.util.concurrent.ThreadPoolExecutor$Worker.run(ThreadPoolExecutor.java:642)
at java.base/java.lang.Thread.run(Thread.java:1583)
]]>
            </full-stacktrace>
          </exception> <!-- com.qa.orangeendtoend.FrameWorkExceptions.ElementException -->
          <reporter-output>
          </reporter-output>
        </test-method> <!-- precondition -->
        <test-method signature="ClickModuleandDetails()[pri:0, instance:com.qa.orangeendtoend.testcases.AddvaccanciesTest@1a5b6f42]" started-at="2026-05-14T17:17:02 AEST" name="ClickModuleandDetails" finished-at="2026-05-14T17:17:02 AEST" duration-ms="0" status="SKIP">
          <exception class="com.qa.orangeendtoend.FrameWorkExceptions.ElementException">
            <message>
              <![CDATA[[doClick] the specifies locatorBy.xpath: //span[normalize-space()='Recruitment']is not matching to any locator]]>
            </message>
            <full-stacktrace>
              <![CDATA[com.qa.orangeendtoend.FrameWorkExceptions.ElementException: [doClick] the specifies locatorBy.xpath: //span[normalize-space()='Recruitment']is not matching to any locator
at com.qa.orangeendtoend.utilities.ElementActions.doClick(ElementActions.java:23)
at com.qa.orangeendtoendpages.Dashboard.selectModule(Dashboard.java:22)
at com.qa.orangeendtoend.testcases.AddvaccanciesTest.precondition(AddvaccanciesTest.java:14)
at java.base/jdk.internal.reflect.DirectMethodHandleAccessor.invoke(DirectMethodHandleAccessor.java:103)
at java.base/java.lang.reflect.Method.invoke(Method.java:580)
at org.testng.internal.invokers.MethodInvocationHelper.invokeMethod(MethodInvocationHelper.java:141)
at org.testng.internal.invokers.MethodInvocationHelper.invokeMethodConsideringTimeout(MethodInvocationHelper.java:71)
at org.testng.internal.invokers.ConfigInvoker.invokeConfigurationMethod(ConfigInvoker.java:400)
at org.testng.internal.invokers.ConfigInvoker.invokeConfigurations(ConfigInvoker.java:333)
at org.testng.internal.invokers.TestInvoker.runConfigMethods(TestInvoker.java:836)
at org.testng.internal.invokers.TestInvoker.invokeMethod(TestInvoker.java:601)
at org.testng.internal.invokers.TestInvoker.invokeTestMethod(TestInvoker.java:230)
at org.testng.internal.invokers.MethodRunner.runInSequence(MethodRunner.java:63)
at org.testng.internal.invokers.TestInvoker$MethodInvocationAgent.invoke(TestInvoker.java:995)
at org.testng.internal.invokers.TestInvoker.invokeTestMethods(TestInvoker.java:203)
at org.testng.internal.invokers.TestMethodWorker.invokeTestMethods(TestMethodWorker.java:154)
at org.testng.internal.invokers.TestMethodWorker.run(TestMethodWorker.java:134)
at java.base/java.util.ArrayList.forEach(ArrayList.java:1596)
at org.testng.TestRunner.privateRun(TestRunner.java:741)
at org.testng.TestRunner.run(TestRunner.java:616)
at org.testng.SuiteRunner.runTest(SuiteRunner.java:421)
at org.testng.SuiteRunner$SuiteWorker.run(SuiteRunner.java:463)
at org.testng.internal.thread.ThreadUtil.lambda$execute$0(ThreadUtil.java:64)
at java.base/java.util.concurrent.FutureTask.run(FutureTask.java:317)
at java.base/java.util.concurrent.ThreadPoolExecutor.runWorker(ThreadPoolExecutor.java:1144)
at java.base/java.util.concurrent.ThreadPoolExecutor$Worker.run(ThreadPoolExecutor.java:642)
at java.base/java.lang.Thread.run(Thread.java:1583)
]]>
            </full-stacktrace>
          </exception> <!-- com.qa.orangeendtoend.FrameWorkExceptions.ElementException -->
          <reporter-output>
          </reporter-output>
        </test-method> <!-- ClickModuleandDetails -->
        <test-method is-config="true" signature="terminateBrowser()[pri:0, instance:com.qa.orangeendtoend.testcases.AddvaccanciesTest@1a5b6f42]" started-at="2026-05-14T17:17:02 AEST" name="terminateBrowser" finished-at="2026-05-14T17:17:02 AEST" duration-ms="0" status="SKIP">
          <reporter-output>
          </reporter-output>
        </test-method> <!-- terminateBrowser -->
      </class> <!-- com.qa.orangeendtoend.testcases.AddvaccanciesTest -->
      <class name="com.qa.orangeendtoend.testcases.PIMTest">
        <test-method is-config="true" signature="launchingBrowser(java.lang.String,java.lang.String,java.lang.String)[pri:0, instance:com.qa.orangeendtoend.testcases.PIMTest@28194a50]" started-at="2026-05-14T17:14:52 AEST" name="launchingBrowser" finished-at="2026-05-14T17:15:17 AEST" duration-ms="25312" status="PASS">
          <params>
            <param index="0">
              <value>
                <![CDATA[browser]]>
              </value>
            </param>
            <param index="1">
              <value>
                <![CDATA[headless]]>
              </value>
            </param>
            <param index="2">
              <value>
                <![CDATA[incognito]]>
              </value>
            </param>
          </params>
          <reporter-output>
            <line>
              <![CDATA[Running chrome inheadless mode]]>
            </line>
            <line>
              <![CDATA[Running chrome incognitomode]]>
            </line>
          </reporter-output>
        </test-method> <!-- launchingBrowser -->
        <test-method is-config="true" signature="precondition()[pri:0, instance:com.qa.orangeendtoend.testcases.PIMTest@28194a50]" started-at="2026-05-14T17:15:17 AEST" name="precondition" finished-at="2026-05-14T17:15:40 AEST" duration-ms="23264" status="FAIL">
          <exception class="com.qa.orangeendtoend.FrameWorkExceptions.ElementException">
            <message>
              <![CDATA[[doClick] the specifies locatorBy.xpath: //span[normalize-space()='PIM']is not matching to any locator]]>
            </message>
            <full-stacktrace>
              <![CDATA[com.qa.orangeendtoend.FrameWorkExceptions.ElementException: [doClick] the specifies locatorBy.xpath: //span[normalize-space()='PIM']is not matching to any locator
at com.qa.orangeendtoend.utilities.ElementActions.doClick(ElementActions.java:23)
at com.qa.orangeendtoendpages.Dashboard.selectModule(Dashboard.java:22)
at com.qa.orangeendtoend.testcases.PIMTest.precondition(PIMTest.java:14)
at java.base/jdk.internal.reflect.DirectMethodHandleAccessor.invoke(DirectMethodHandleAccessor.java:103)
at java.base/java.lang.reflect.Method.invoke(Method.java:580)
at org.testng.internal.invokers.MethodInvocationHelper.invokeMethod(MethodInvocationHelper.java:141)
at org.testng.internal.invokers.MethodInvocationHelper.invokeMethodConsideringTimeout(MethodInvocationHelper.java:71)
at org.testng.internal.invokers.ConfigInvoker.invokeConfigurationMethod(ConfigInvoker.java:400)
at org.testng.internal.invokers.ConfigInvoker.invokeConfigurations(ConfigInvoker.java:333)
at org.testng.internal.invokers.TestInvoker.runConfigMethods(TestInvoker.java:836)
at org.testng.internal.invokers.TestInvoker.invokeMethod(TestInvoker.java:601)
at org.testng.internal.invokers.TestInvoker.invokeTestMethod(TestInvoker.java:230)
at org.testng.internal.invokers.MethodRunner.runInSequence(MethodRunner.java:63)
at org.testng.internal.invokers.TestInvoker$MethodInvocationAgent.invoke(TestInvoker.java:995)
at org.testng.internal.invokers.TestInvoker.invokeTestMethods(TestInvoker.java:203)
at org.testng.internal.invokers.TestMethodWorker.invokeTestMethods(TestMethodWorker.java:154)
at org.testng.internal.invokers.TestMethodWorker.run(TestMethodWorker.java:134)
at java.base/java.util.ArrayList.forEach(ArrayList.java:1596)
at org.testng.TestRunner.privateRun(TestRunner.java:741)
at org.testng.TestRunner.run(TestRunner.java:616)
at org.testng.SuiteRunner.runTest(SuiteRunner.java:421)
at org.testng.SuiteRunner$SuiteWorker.run(SuiteRunner.java:463)
at org.testng.internal.thread.ThreadUtil.lambda$execute$0(ThreadUtil.java:64)
at java.base/java.util.concurrent.FutureTask.run(FutureTask.java:317)
at java.base/java.util.concurrent.ThreadPoolExecutor.runWorker(ThreadPoolExecutor.java:1144)
at java.base/java.util.concurrent.ThreadPoolExecutor$Worker.run(ThreadPoolExecutor.java:642)
at java.base/java.lang.Thread.run(Thread.java:1583)
]]>
            </full-stacktrace>
          </exception> <!-- com.qa.orangeendtoend.FrameWorkExceptions.ElementException -->
          <reporter-output>
          </reporter-output>
        </test-method> <!-- precondition -->
        <test-method signature="ClickModuleandDetails()[pri:0, instance:com.qa.orangeendtoend.testcases.PIMTest@28194a50]" started-at="2026-05-14T17:15:40 AEST" name="ClickModuleandDetails" finished-at="2026-05-14T17:15:40 AEST" duration-ms="0" status="SKIP">
          <exception class="com.qa.orangeendtoend.FrameWorkExceptions.ElementException">
            <message>
              <![CDATA[[doClick] the specifies locatorBy.xpath: //span[normalize-space()='PIM']is not matching to any locator]]>
            </message>
            <full-stacktrace>
              <![CDATA[com.qa.orangeendtoend.FrameWorkExceptions.ElementException: [doClick] the specifies locatorBy.xpath: //span[normalize-space()='PIM']is not matching to any locator
at com.qa.orangeendtoend.utilities.ElementActions.doClick(ElementActions.java:23)
at com.qa.orangeendtoendpages.Dashboard.selectModule(Dashboard.java:22)
at com.qa.orangeendtoend.testcases.PIMTest.precondition(PIMTest.java:14)
at java.base/jdk.internal.reflect.DirectMethodHandleAccessor.invoke(DirectMethodHandleAccessor.java:103)
at java.base/java.lang.reflect.Method.invoke(Method.java:580)
at org.testng.internal.invokers.MethodInvocationHelper.invokeMethod(MethodInvocationHelper.java:141)
at org.testng.internal.invokers.MethodInvocationHelper.invokeMethodConsideringTimeout(MethodInvocationHelper.java:71)
at org.testng.internal.invokers.ConfigInvoker.invokeConfigurationMethod(ConfigInvoker.java:400)
at org.testng.internal.invokers.ConfigInvoker.invokeConfigurations(ConfigInvoker.java:333)
at org.testng.internal.invokers.TestInvoker.runConfigMethods(TestInvoker.java:836)
at org.testng.internal.invokers.TestInvoker.invokeMethod(TestInvoker.java:601)
at org.testng.internal.invokers.TestInvoker.invokeTestMethod(TestInvoker.java:230)
at org.testng.internal.invokers.MethodRunner.runInSequence(MethodRunner.java:63)
at org.testng.internal.invokers.TestInvoker$MethodInvocationAgent.invoke(TestInvoker.java:995)
at org.testng.internal.invokers.TestInvoker.invokeTestMethods(TestInvoker.java:203)
at org.testng.internal.invokers.TestMethodWorker.invokeTestMethods(TestMethodWorker.java:154)
at org.testng.internal.invokers.TestMethodWorker.run(TestMethodWorker.java:134)
at java.base/java.util.ArrayList.forEach(ArrayList.java:1596)
at org.testng.TestRunner.privateRun(TestRunner.java:741)
at org.testng.TestRunner.run(TestRunner.java:616)
at org.testng.SuiteRunner.runTest(SuiteRunner.java:421)
at org.testng.SuiteRunner$SuiteWorker.run(SuiteRunner.java:463)
at org.testng.internal.thread.ThreadUtil.lambda$execute$0(ThreadUtil.java:64)
at java.base/java.util.concurrent.FutureTask.run(FutureTask.java:317)
at java.base/java.util.concurrent.ThreadPoolExecutor.runWorker(ThreadPoolExecutor.java:1144)
at java.base/java.util.concurrent.ThreadPoolExecutor$Worker.run(ThreadPoolExecutor.java:642)
at java.base/java.lang.Thread.run(Thread.java:1583)
]]>
            </full-stacktrace>
          </exception> <!-- com.qa.orangeendtoend.FrameWorkExceptions.ElementException -->
          <reporter-output>
          </reporter-output>
        </test-method> <!-- ClickModuleandDetails -->
        <test-method is-config="true" signature="terminateBrowser()[pri:0, instance:com.qa.orangeendtoend.testcases.PIMTest@28194a50]" started-at="2026-05-14T17:15:40 AEST" name="terminateBrowser" finished-at="2026-05-14T17:15:40 AEST" duration-ms="0" status="SKIP">
          <reporter-output>
          </reporter-output>
        </test-method> <!-- terminateBrowser -->
      </class> <!-- com.qa.orangeendtoend.testcases.PIMTest -->
    </test> <!-- chrome -->
  </suite> <!-- Automation_testing -->
</testng-results>
