<?xml version="1.0" encoding="UTF-8"?>
<!-- Generated by org.testng.reporters.JUnitReportReporter -->
<testsuite hostname="Saran" failures="0" tests="2" name="com.qa.orangeendtoend.testcases.DashboardTest" time="120.476" errors="2" timestamp="2026-05-14T17:17:58 AEST" skipped="0">
  <testcase classname="com.qa.orangeendtoend.testcases.DashboardTest" name="ClickModule" time="65.407">
    <error message="[doClick] the specifies locatorBy.xpath: //span[normalize-space()=&#039;Recruitment&#039;]is not matching to any locator" type="com.qa.orangeendtoend.FrameWorkExceptions.ElementException">
      <![CDATA[com.qa.orangeendtoend.FrameWorkExceptions.ElementException: [doClick] the specifies locatorBy.xpath: //span[normalize-space()='Recruitment']is not matching to any locator
at com.qa.orangeendtoend.utilities.ElementActions.doClick(ElementActions.java:23)
at com.qa.orangeendtoendpages.Dashboard.selectModule(Dashboard.java:22)
at com.qa.orangeendtoend.testcases.DashboardTest.ClickModule(DashboardTest.java:16)
at java.base/jdk.internal.reflect.DirectMethodHandleAccessor.invoke(DirectMethodHandleAccessor.java:103)
at java.base/java.lang.reflect.Method.invoke(Method.java:580)
at org.testng.internal.invokers.MethodInvocationHelper.invokeMethod(MethodInvocationHelper.java:141)
at org.testng.internal.invokers.TestInvoker.invokeMethod(TestInvoker.java:687)
at org.testng.internal.invokers.TestInvoker.invokeTestMethod(TestInvoker.java:230)
at org.testng.internal.invokers.MethodRunner.runInSequence(MethodRunner.java:63)
at org.testng.internal.invokers.TestInvoker$MethodInvocationAgent.invoke(TestInvoker.java:995)
at org.testng.internal.invokers.TestInvoker.invokeTestMethods(TestInvoker.java:203)
at org.testng.internal.invokers.TestMethodWorker.invokeTestMethods(TestMethodWorker.java:154)
at org.testng.internal.invokers.TestMethodWorker.run(TestMethodWorker.java:134)
at java.base/java.util.ArrayList.forEach(ArrayList.java:1596)
at org.testng.TestRunner.privateRun(TestRunner.java:741)
at org.testng.TestRunner.run(TestRunner.java:616)
at org.testng.SuiteRunner.runTest(SuiteRunner.java:421)
at org.testng.SuiteRunner$SuiteWorker.run(SuiteRunner.java:463)
at org.testng.internal.thread.ThreadUtil.lambda$execute$0(ThreadUtil.java:64)
at java.base/java.util.concurrent.FutureTask.run(FutureTask.java:317)
at java.base/java.util.concurrent.ThreadPoolExecutor.runWorker(ThreadPoolExecutor.java:1144)
at java.base/java.util.concurrent.ThreadPoolExecutor$Worker.run(ThreadPoolExecutor.java:642)
at java.base/java.lang.Thread.run(Thread.java:1583)
]]>
    </error>
  </testcase> <!-- ClickModule -->
  <testcase classname="com.qa.orangeendtoend.testcases.DashboardTest" name="ClickModule" time="55.069">
    <error message="[doClick] the specifies locatorBy.xpath: //span[normalize-space()=&#039;Recruitment&#039;]is not matching to any locator" type="com.qa.orangeendtoend.FrameWorkExceptions.ElementException">
      <![CDATA[com.qa.orangeendtoend.FrameWorkExceptions.ElementException: [doClick] the specifies locatorBy.xpath: //span[normalize-space()='Recruitment']is not matching to any locator
at com.qa.orangeendtoend.utilities.ElementActions.doClick(ElementActions.java:23)
at com.qa.orangeendtoendpages.Dashboard.selectModule(Dashboard.java:22)
at com.qa.orangeendtoend.testcases.DashboardTest.ClickModule(DashboardTest.java:16)
at java.base/jdk.internal.reflect.DirectMethodHandleAccessor.invoke(DirectMethodHandleAccessor.java:103)
at java.base/java.lang.reflect.Method.invoke(Method.java:580)
at org.testng.internal.invokers.MethodInvocationHelper.invokeMethod(MethodInvocationHelper.java:141)
at org.testng.internal.invokers.TestInvoker.invokeMethod(TestInvoker.java:687)
at org.testng.internal.invokers.TestInvoker.invokeTestMethod(TestInvoker.java:230)
at org.testng.internal.invokers.MethodRunner.runInSequence(MethodRunner.java:63)
at org.testng.internal.invokers.TestInvoker$MethodInvocationAgent.invoke(TestInvoker.java:995)
at org.testng.internal.invokers.TestInvoker.invokeTestMethods(TestInvoker.java:203)
at org.testng.internal.invokers.TestMethodWorker.invokeTestMethods(TestMethodWorker.java:154)
at org.testng.internal.invokers.TestMethodWorker.run(TestMethodWorker.java:134)
at java.base/java.util.ArrayList.forEach(ArrayList.java:1596)
at org.testng.TestRunner.privateRun(TestRunner.java:741)
at org.testng.TestRunner.run(TestRunner.java:616)
at org.testng.SuiteRunner.runTest(SuiteRunner.java:421)
at org.testng.SuiteRunner$SuiteWorker.run(SuiteRunner.java:463)
at org.testng.internal.thread.ThreadUtil.lambda$execute$0(ThreadUtil.java:64)
at java.base/java.util.concurrent.FutureTask.run(FutureTask.java:317)
at java.base/java.util.concurrent.ThreadPoolExecutor.runWorker(ThreadPoolExecutor.java:1144)
at java.base/java.util.concurrent.ThreadPoolExecutor$Worker.run(ThreadPoolExecutor.java:642)
at java.base/java.lang.Thread.run(Thread.java:1583)
]]>
    </error>
  </testcase> <!-- ClickModule -->
  <system-out>
    <![CDATA[Running chrome inheadless mode
Running chrome incognitomode
Running chrome inheadless mode
Running chrome incognitomode
Running chrome inheadless mode
Running chrome incognitomode
Running chrome inheadless mode
Running chrome incognitomode
Running chrome inheadless mode
Running chrome incognitomode
Running chrome inheadless mode
Running chrome incognitomode
Running chrome inheadless mode
Running chrome incognitomode
Running chrome inheadless mode
Running chrome incognitomode
Running chrome inheadless mode
Running chrome incognitomode]]>
  </system-out>
</testsuite> <!-- com.qa.orangeendtoend.testcases.DashboardTest -->
