<?xml version="1.0" encoding="UTF-8"?>
<!-- Generated by org.testng.reporters.JUnitReportReporter -->
<testsuite hostname="Saran" failures="0" tests="2" name="com.qa.orangeendtoend.testcases.LoginTest" time="87.501" errors="0" timestamp="2026-05-14T17:17:58 AEST" skipped="0">
  <testcase classname="com.qa.orangeendtoend.testcases.LoginTest" name="doLogin" time="47.051"/>
  <testcase classname="com.qa.orangeendtoend.testcases.LoginTest" name="doLogin" time="40.450"/>
  <system-out>
    <![CDATA[Running chrome inheadless mode
Running chrome incognitomode
Running chrome inheadless mode
Running chrome incognitomode
Running chrome inheadless mode
Running chrome incognitomode
Running chrome inheadless mode
Running chrome incognitomode
Running chrome inheadless mode
Running chrome incognitomode
Running chrome inheadless mode
Running chrome incognitomode
Running chrome inheadless mode
Running chrome incognitomode
Running chrome inheadless mode
Running chrome incognitomode
Running chrome inheadless mode
Running chrome incognitomode]]>
  </system-out>
</testsuite> <!-- com.qa.orangeendtoend.testcases.LoginTest -->
