<?xml version="1.0" encoding="UTF-8"?>
<!-- Generated by org.testng.reporters.JUnitReportReporter -->
<testsuite hostname="Saran" failures="0" tests="2" name="com.qa.orangeendtoend.testcases.DashboardTest" time="52.826" errors="0" timestamp="2026-05-16T16:22:31 AEST" skipped="0">
  <testcase classname="com.qa.orangeendtoend.testcases.DashboardTest" name="ClickModule" time="25.578"/>
  <testcase classname="com.qa.orangeendtoend.testcases.DashboardTest" name="ClickModule" time="27.248"/>
  <system-out>
    <![CDATA[Running chrome incognitomode
Running chrome incognitomode
Running chrome incognitomode
Running chrome incognitomode
Running chrome incognitomode
Running chrome incognitomode
Running chrome incognitomode
Running chrome incognitomode
Running chrome incognitomode
Running chrome incognitomode]]>
  </system-out>
</testsuite> <!-- com.qa.orangeendtoend.testcases.DashboardTest -->
