<?xml version="1.0" encoding="UTF-8"?>
<!-- Generated by org.testng.reporters.JUnitReportReporter -->
<testsuite hostname="Saran" failures="0" tests="2" name="com.qa.orangeendtoend.testcases.PIMTest" time="70.745" errors="0" timestamp="2026-05-16T16:22:31 AEST" skipped="0">
  <testcase classname="com.qa.orangeendtoend.testcases.PIMTest" name="ClickModuleandDetails" time="35.156"/>
  <testcase classname="com.qa.orangeendtoend.testcases.PIMTest" name="ClickModuleandDetails" time="35.589"/>
  <system-out>
    <![CDATA[Running chrome incognitomode
Running chrome incognitomode
Running chrome incognitomode
Running chrome incognitomode
Running chrome incognitomode
Running chrome incognitomode
Running chrome incognitomode
Running chrome incognitomode
Running chrome incognitomode
Running chrome incognitomode]]>
  </system-out>
</testsuite> <!-- com.qa.orangeendtoend.testcases.PIMTest -->
