<?xml version="1.0" encoding="UTF-8"?>
<!-- Generated by org.testng.reporters.JUnitXMLReporter -->
<testsuite ignored="0" hostname="Saran" failures="0" tests="5" name="chrome" time="158.696" errors="0" timestamp="2026-05-16T16:22:31 AEST">
  <testcase classname="com.qa.orangeendtoend.testcases.AddcandidateTest" name="ClickModuleandDetails" time="18.614"/>
  <testcase classname="com.qa.orangeendtoend.testcases.PIMTest" name="ClickModuleandDetails" time="4.022"/>
  <testcase classname="com.qa.orangeendtoend.testcases.LoginTest" name="doLogin" time="2.835"/>
  <testcase classname="com.qa.orangeendtoend.testcases.AddvaccanciesTest" name="ClickModuleandDetails" time="3.938"/>
  <testcase classname="com.qa.orangeendtoend.testcases.DashboardTest" name="ClickModule" time="7.701"/>
</testsuite> <!-- chrome -->
