<?xml version="1.0" encoding="UTF-8"?>
<!-- Generated by org.testng.reporters.JUnitXMLReporter -->
<testsuite ignored="0" hostname="Saran" failures="0" tests="5" name="edge" time="156.084" errors="0" timestamp="2026-05-16T16:22:28 AEST">
  <testcase classname="com.qa.orangeendtoend.testcases.AddcandidateTest" name="ClickModuleandDetails" time="17.399"/>
  <testcase classname="com.qa.orangeendtoend.testcases.PIMTest" name="ClickModuleandDetails" time="4.256"/>
  <testcase classname="com.qa.orangeendtoend.testcases.LoginTest" name="doLogin" time="4.642"/>
  <testcase classname="com.qa.orangeendtoend.testcases.AddvaccanciesTest" name="ClickModuleandDetails" time="3.176"/>
  <testcase classname="com.qa.orangeendtoend.testcases.DashboardTest" name="ClickModule" time="8.677"/>
</testsuite> <!-- edge -->
