<?xml version="1.0" encoding="UTF-8"?>
<!-- Generated by org.testng.reporters.JUnitXMLReporter -->
<testsuite ignored="0" hostname="Saran" failures="1" tests="5" name="chrome" time="256.758" errors="0" timestamp="2026-05-14T17:17:57 AEST">
  <testcase classname="com.qa.orangeendtoend.testcases.AddcandidateTest" name="@BeforeMethod precondition" time="0.002">
    <failure type="com.qa.orangeendtoend.FrameWorkExceptions.ElementException" message="[validateString] the specified value cannot be null
nullused in methoddoEnterValue">
      <![CDATA[com.qa.orangeendtoend.FrameWorkExceptions.ElementException: [validateString] the specified value cannot be null
nullused in methoddoEnterValue
at com.qa.orangeendtoend.Validationhelper.Validation.validateString(Validation.java:28)
at com.qa.orangeendtoend.utilities.ElementActions.doEnterValue(ElementActions.java:36)
at com.qa.orangeendtoendpages.Loginpage.enterDetails(Loginpage.java:14)
at com.qa.orangeendtoend.testcases.AddcandidateTest.precondition(AddcandidateTest.java:14)
at java.base/java.util.ArrayList.forEach(ArrayList.java:1596)
at java.base/java.util.concurrent.FutureTask.run(FutureTask.java:317)
at java.base/java.util.concurrent.ThreadPoolExecutor.runWorker(ThreadPoolExecutor.java:1144)
at java.base/java.util.concurrent.ThreadPoolExecutor$Worker.run(ThreadPoolExecutor.java:642)
at java.base/java.lang.Thread.run(Thread.java:1583)
... Removed 19 stack frames]]>
    </failure>
  </testcase> <!-- @BeforeMethod precondition -->
  <testcase classname="com.qa.orangeendtoend.basetest.BaseTest" name="@AfterMethod terminateBrowser" time="0.0">
    <skipped/>
  </testcase> <!-- @AfterMethod terminateBrowser -->
  <testcase classname="com.qa.orangeendtoend.testcases.PIMTest" name="@BeforeMethod precondition" time="24.908">
    <failure type="com.qa.orangeendtoend.FrameWorkExceptions.ElementException" message="[doClick] the specifies locatorBy.xpath: //span[normalize-space()=&amp;apos;PIM&amp;apos;]is not matching to any locator">
      <![CDATA[com.qa.orangeendtoend.FrameWorkExceptions.ElementException: [doClick] the specifies locatorBy.xpath: //span[normalize-space()='PIM']is not matching to any locator
at com.qa.orangeendtoend.utilities.ElementActions.doClick(ElementActions.java:23)
at com.qa.orangeendtoendpages.Dashboard.selectModule(Dashboard.java:22)
at com.qa.orangeendtoend.testcases.PIMTest.precondition(PIMTest.java:14)
at java.base/java.util.ArrayList.forEach(ArrayList.java:1596)
at java.base/java.util.concurrent.FutureTask.run(FutureTask.java:317)
at java.base/java.util.concurrent.ThreadPoolExecutor.runWorker(ThreadPoolExecutor.java:1144)
at java.base/java.util.concurrent.ThreadPoolExecutor$Worker.run(ThreadPoolExecutor.java:642)
at java.base/java.lang.Thread.run(Thread.java:1583)
... Removed 19 stack frames]]>
    </failure>
  </testcase> <!-- @BeforeMethod precondition -->
  <testcase classname="com.qa.orangeendtoend.basetest.BaseTest" name="@AfterMethod terminateBrowser" time="0.0">
    <skipped/>
  </testcase> <!-- @AfterMethod terminateBrowser -->
  <testcase classname="com.qa.orangeendtoend.testcases.PIMTest" name="@BeforeMethod precondition" time="23.264">
    <failure type="com.qa.orangeendtoend.FrameWorkExceptions.ElementException" message="[doClick] the specifies locatorBy.xpath: //span[normalize-space()=&amp;apos;PIM&amp;apos;]is not matching to any locator">
      <![CDATA[com.qa.orangeendtoend.FrameWorkExceptions.ElementException: [doClick] the specifies locatorBy.xpath: //span[normalize-space()='PIM']is not matching to any locator
at com.qa.orangeendtoend.utilities.ElementActions.doClick(ElementActions.java:23)
at com.qa.orangeendtoendpages.Dashboard.selectModule(Dashboard.java:22)
at com.qa.orangeendtoend.testcases.PIMTest.precondition(PIMTest.java:14)
at java.base/java.util.ArrayList.forEach(ArrayList.java:1596)
at java.base/java.util.concurrent.FutureTask.run(FutureTask.java:317)
at java.base/java.util.concurrent.ThreadPoolExecutor.runWorker(ThreadPoolExecutor.java:1144)
at java.base/java.util.concurrent.ThreadPoolExecutor$Worker.run(ThreadPoolExecutor.java:642)
at java.base/java.lang.Thread.run(Thread.java:1583)
... Removed 19 stack frames]]>
    </failure>
  </testcase> <!-- @BeforeMethod precondition -->
  <testcase classname="com.qa.orangeendtoend.basetest.BaseTest" name="@AfterMethod terminateBrowser" time="0.0">
    <skipped/>
  </testcase> <!-- @AfterMethod terminateBrowser -->
  <testcase classname="com.qa.orangeendtoend.testcases.AddvaccanciesTest" name="@BeforeMethod precondition" time="28.146">
    <failure type="com.qa.orangeendtoend.FrameWorkExceptions.ElementException" message="[doClick] the specifies locatorBy.xpath: //span[normalize-space()=&amp;apos;Recruitment&amp;apos;]is not matching to any locator">
      <![CDATA[com.qa.orangeendtoend.FrameWorkExceptions.ElementException: [doClick] the specifies locatorBy.xpath: //span[normalize-space()='Recruitment']is not matching to any locator
at com.qa.orangeendtoend.utilities.ElementActions.doClick(ElementActions.java:23)
at com.qa.orangeendtoendpages.Dashboard.selectModule(Dashboard.java:22)
at com.qa.orangeendtoend.testcases.AddvaccanciesTest.precondition(AddvaccanciesTest.java:14)
at java.base/java.util.ArrayList.forEach(ArrayList.java:1596)
at java.base/java.util.concurrent.FutureTask.run(FutureTask.java:317)
at java.base/java.util.concurrent.ThreadPoolExecutor.runWorker(ThreadPoolExecutor.java:1144)
at java.base/java.util.concurrent.ThreadPoolExecutor$Worker.run(ThreadPoolExecutor.java:642)
at java.base/java.lang.Thread.run(Thread.java:1583)
... Removed 19 stack frames]]>
    </failure>
  </testcase> <!-- @BeforeMethod precondition -->
  <testcase classname="com.qa.orangeendtoend.basetest.BaseTest" name="@AfterMethod terminateBrowser" time="0.0">
    <skipped/>
  </testcase> <!-- @AfterMethod terminateBrowser -->
  <testcase classname="com.qa.orangeendtoend.testcases.AddvaccanciesTest" name="@BeforeMethod precondition" time="36.107">
    <failure type="com.qa.orangeendtoend.FrameWorkExceptions.ElementException" message="[doClick] the specifies locatorBy.xpath: //span[normalize-space()=&amp;apos;Recruitment&amp;apos;]is not matching to any locator">
      <![CDATA[com.qa.orangeendtoend.FrameWorkExceptions.ElementException: [doClick] the specifies locatorBy.xpath: //span[normalize-space()='Recruitment']is not matching to any locator
at com.qa.orangeendtoend.utilities.ElementActions.doClick(ElementActions.java:23)
at com.qa.orangeendtoendpages.Dashboard.selectModule(Dashboard.java:22)
at com.qa.orangeendtoend.testcases.AddvaccanciesTest.precondition(AddvaccanciesTest.java:14)
at java.base/java.util.ArrayList.forEach(ArrayList.java:1596)
at java.base/java.util.concurrent.FutureTask.run(FutureTask.java:317)
at java.base/java.util.concurrent.ThreadPoolExecutor.runWorker(ThreadPoolExecutor.java:1144)
at java.base/java.util.concurrent.ThreadPoolExecutor$Worker.run(ThreadPoolExecutor.java:642)
at java.base/java.lang.Thread.run(Thread.java:1583)
... Removed 19 stack frames]]>
    </failure>
  </testcase> <!-- @BeforeMethod precondition -->
  <testcase classname="com.qa.orangeendtoend.basetest.BaseTest" name="@AfterMethod terminateBrowser" time="0.0">
    <skipped/>
  </testcase> <!-- @AfterMethod terminateBrowser -->
  <testcase classname="com.qa.orangeendtoend.testcases.AddcandidateTest" name="ClickModuleandDetails" time="20.161"/>
  <testcase classname="com.qa.orangeendtoend.testcases.PIMTest" name="ClickModuleandDetails" time="0.0">
    <skipped/>
  </testcase> <!-- ClickModuleandDetails -->
  <testcase classname="com.qa.orangeendtoend.testcases.LoginTest" name="doLogin" time="4.778"/>
  <testcase classname="com.qa.orangeendtoend.testcases.AddvaccanciesTest" name="ClickModuleandDetails" time="0.0">
    <skipped/>
  </testcase> <!-- ClickModuleandDetails -->
  <testcase classname="com.qa.orangeendtoend.testcases.DashboardTest" name="ClickModule" time="21.925">
    <failure type="com.qa.orangeendtoend.FrameWorkExceptions.ElementException" message="[doClick] the specifies locatorBy.xpath: //span[normalize-space()=&amp;apos;Recruitment&amp;apos;]is not matching to any locator">
      <![CDATA[com.qa.orangeendtoend.FrameWorkExceptions.ElementException: [doClick] the specifies locatorBy.xpath: //span[normalize-space()='Recruitment']is not matching to any locator
at com.qa.orangeendtoend.utilities.ElementActions.doClick(ElementActions.java:23)
at com.qa.orangeendtoendpages.Dashboard.selectModule(Dashboard.java:22)
at com.qa.orangeendtoend.testcases.DashboardTest.ClickModule(DashboardTest.java:16)
at java.base/java.util.ArrayList.forEach(ArrayList.java:1596)
at java.base/java.util.concurrent.FutureTask.run(FutureTask.java:317)
at java.base/java.util.concurrent.ThreadPoolExecutor.runWorker(ThreadPoolExecutor.java:1144)
at java.base/java.util.concurrent.ThreadPoolExecutor$Worker.run(ThreadPoolExecutor.java:642)
at java.base/java.lang.Thread.run(Thread.java:1583)
... Removed 15 stack frames]]>
    </failure>
  </testcase> <!-- ClickModule -->
</testsuite> <!-- chrome -->
