<?xml version="1.0" encoding="UTF-8"?>
<!-- Generated by org.testng.reporters.JUnitXMLReporter -->
<testsuite ignored="0" hostname="Saran" failures="1" tests="5" name="edge" time="252.845" errors="0" timestamp="2026-05-14T17:17:53 AEST">
  <testcase classname="com.qa.orangeendtoend.testcases.AddcandidateTest" name="ClickModuleandDetails" time="0.0">
    <skipped/>
  </testcase> <!-- ClickModuleandDetails -->
  <testcase classname="com.qa.orangeendtoend.testcases.PIMTest" name="ClickModuleandDetails" time="0.0">
    <skipped/>
  </testcase> <!-- ClickModuleandDetails -->
  <testcase classname="com.qa.orangeendtoend.testcases.LoginTest" name="doLogin" time="11.692"/>
  <testcase classname="com.qa.orangeendtoend.testcases.AddvaccanciesTest" name="ClickModuleandDetails" time="0.0">
    <skipped/>
  </testcase> <!-- ClickModuleandDetails -->
  <testcase classname="com.qa.orangeendtoend.testcases.DashboardTest" name="ClickModule" time="20.622">
    <failure type="com.qa.orangeendtoend.FrameWorkExceptions.ElementException" message="[doClick] the specifies locatorBy.xpath: //span[normalize-space()=&amp;apos;Recruitment&amp;apos;]is not matching to any locator">
      <![CDATA[com.qa.orangeendtoend.FrameWorkExceptions.ElementException: [doClick] the specifies locatorBy.xpath: //span[normalize-space()='Recruitment']is not matching to any locator
at com.qa.orangeendtoend.utilities.ElementActions.doClick(ElementActions.java:23)
at com.qa.orangeendtoendpages.Dashboard.selectModule(Dashboard.java:22)
at com.qa.orangeendtoend.testcases.DashboardTest.ClickModule(DashboardTest.java:16)
at java.base/java.util.ArrayList.forEach(ArrayList.java:1596)
at java.base/java.util.concurrent.FutureTask.run(FutureTask.java:317)
at java.base/java.util.concurrent.ThreadPoolExecutor.runWorker(ThreadPoolExecutor.java:1144)
at java.base/java.util.concurrent.ThreadPoolExecutor$Worker.run(ThreadPoolExecutor.java:642)
at java.base/java.lang.Thread.run(Thread.java:1583)
... Removed 15 stack frames]]>
    </failure>
  </testcase> <!-- ClickModule -->
</testsuite> <!-- edge -->
